<?xml version="1.0" encoding="UTF-8"?>
<!-- Generated by org.testng.reporters.JUnitReportReporter -->
<testsuite hostname="LAPTOP-JU9GTML8" failures="0" tests="1" name="module.Module_01" time="4.095" errors="0" timestamp="2021-11-27T15:27:45 IST" skipped="0">
  <testcase classname="module.Module_01" name="TC_01" time="4.095"/>
  <system-out/>
</testsuite> <!-- module.Module_01 -->
