<?xml version="1.0" encoding="UTF-8"?>
<!-- Generated by org.testng.reporters.JUnitReportReporter -->
<testsuite hostname="LAPTOP-JU9GTML8" failures="0" tests="1" name="module.TestModule_01" time="5.792" errors="0" timestamp="2021-11-30T19:36:56 IST" skipped="0">
  <testcase classname="module.TestModule_01" name="Test_01" time="5.792"/>
  <system-out/>
</testsuite> <!-- module.TestModule_01 -->
